make.exe all --print-data-base --no-builtin-variables --no-builtin-rules --question
make.exe: *** No rule to make target 'all'.  Stop.

# GNU Make 4.2
# Built for x86_64-w64-mingw32
# Copyright (C) 1988-2016 Free Software Foundation, Inc.
# License GPLv3+: GNU GPL version 3 or later <http://gnu.org/licenses/gpl.html>
# This is free software: you are free to change and redistribute it.
# There is NO WARRANTY, to the extent permitted by law.

# Make data base, printed on Fri May 20 20:52:48 2022

# Variables

# 'override' directive
GNUMAKEFLAGS :=
# automatic
<D = $(patsubst %/,%,$(patsubst %\,%,$(dir $<)))
# automatic
?F = $(notdir $?)
# environment
ESP-IDF-5.0 = E:\ESP32\esp-idf
# environment
IOT_SOLUTION_PATH = E:\ESP32\espressif\esp-iot-solution
# default
.SHELLFLAGS := -c
# environment
NVCUDASAMPLES10_2_ROOT = C:\ProgramData\NVIDIA Corporation\CUDA Samples\v10.2
# makefile
MAKEFLAGS = pqrR
# environment
VSCODE_LOG_NATIVE = false
# environment
PHOENIXPATH = E:\锟劫讹拷锟斤拷锟斤拷\QIHUA-X507锟斤拷锟斤拷\锟斤拷锟斤拷锟斤拷锟斤拷\windows锟斤拷刷锟斤拷锟斤拷锟斤拷\PhoenixSuitV1.1\PhoenixSuitV1.1\
# automatic
?D = $(patsubst %/,%,$(patsubst %\,%,$(dir $?)))
# automatic
@D = $(patsubst %/,%,$(patsubst %\,%,$(dir $@)))
# environment
HOMEDRIVE = C:
# automatic
@F = $(notdir $@)
# automatic
^D = $(patsubst %/,%,$(patsubst %\,%,$(dir $^)))
# makefile
CURDIR := e:/ESP32/project/spiffsgen
# default
SHELL := C:/MinGW/msys/1.0/bin/sh.exe
# environment
WINDIR = C:\Windows
# environment
VSCODE_NLS_CONFIG = {"locale":"zh-cn","availableLanguages":{"*":"zh-cn"},"_languagePackId":"42e84e0914b17800d483f69e299e1b00.zh-cn","_translationsConfigFile":"C:\\Users\\lenovo\\AppData\\Roaming\\Code\\clp\\42e84e0914b17800d483f69e299e1b00.zh-cn\\tcf.json","_cacheRoot":"C:\\Users\\lenovo\\AppData\\Roaming\\Code\\clp\\42e84e0914b17800d483f69e299e1b00.zh-cn","_resolvedLanguagePackCoreLocation":"C:\\Users\\lenovo\\AppData\\Roaming\\Code\\clp\\42e84e0914b17800d483f69e299e1b00.zh-cn\\c3511e6c69bb39013c4a4b7b9566ec1ca73fc4d5","_corruptedFile":"C:\\Users\\lenovo\\AppData\\Roaming\\Code\\clp\\42e84e0914b17800d483f69e299e1b00.zh-cn\\corrupted.info","_languagePackSupport":true}
# environment
PYCHARM COMMUNITY EDITION = d:\Program Files\JetBrains\PyCharm Community Edition 2021.3\bin;
# environment
ONEDRIVE = C:\Users\lenovo\OneDrive
# environment
PUBLIC = C:\Users\Public
# environment
PATHEXT = .COM;.EXE;.BAT;.CMD;.VBS;.VBE;.JS;.JSE;.WSF;.WSH;.MSC
# makefile
MAKEFILE_LIST :=
# environment
FPS_BROWSER_USER_PROFILE_STRING = Default
# environment
TMP = C:\Users\lenovo\AppData\Local\Temp
# environment
VSCODE_VERBOSE_LOGGING = true
# environment
PROGRAMW6432 = C:\Program Files
# environment
PROGRAMDATA = C:\ProgramData
# environment
VSCODE_IPC_HOOK_EXTHOST = \\.\pipe\vscode-ipc-01fdbc81-a368-4f7a-be12-58948ee1c66e-sock
# environment
VSCODE_CWD = C:\Users\lenovo\AppData\Local\Programs\Microsoft VS Code
# default
MAKE_HOST := x86_64-w64-mingw32
# environment
PATH = C:\Program Files\Eclipse Adoptium\jdk-11.0.14.101-hotspot\bin;C:\Program Files\NVIDIA GPU Computing Toolkit\CUDA\v10.2\bin;C:\Program Files\NVIDIA GPU Computing Toolkit\CUDA\v10.2\libnvvp;C:\Program Files (x86)\Common Files\Oracle\Java\javapath;C:\Program Files (x86)\STMicroelectronics\st_toolset\asm;C:\Program Files (x86)\VMware\VMware Workstation\bin\;C:\Program Files (x86)\Common Files\Intel\Shared Libraries\redist\intel64\compiler;C:\Windows\system32;C:\Windows;C:\Windows\System32\Wbem;C:\Windows\System32\WindowsPowerShell\v1.0\;C:\Windows\System32\OpenSSH\;C:\Program Files (x86)\NVIDIA Corporation\PhysX\Common;C:\Program Files\NVIDIA Corporation\NVIDIA NvDLISR;C:\Program Files (x86)\STMicroelectronics\STM32 ST-LINK Utility\ST-LINK Utility;C:\Program Files\Microsoft SQL Server\110\Tools\Binn\;C:\Program Files\dotnet\;C:\Program Files\Common Files\Autodesk Shared\;C:\Program Files (x86)\Autodesk\Backburner\;C:\Program Files\IDM Computer Solutions\UltraCompare;C:\MinGW\bin;D:\gcc\gnu-mcu-eclipse-riscv-none-gcc-8.2.0-2.2-20190521-0004-win64\GNU MCU Eclipse\RISC-V Embedded GCC\8.2.0-2.2-20190521-0004\riscv-none-embed\bin;D:\gcc\gnu-mcu-eclipse-riscv-none-gcc-8.2.0-2.2-20190521-0004-win64\GNU MCU Eclipse\RISC-V Embedded GCC\8.2.0-2.2-20190521-0004\bin;E:\K210\kendryte-toolchain-win-amd64-8.2.0-20190409\kendryte-toolchain\bin;C:\MinGW\msys\1.0\bin;C:\MinGW\msys\1.0;C:\Program Files\CMake\bin;C:\msys32;C:\Program Files (x86)\Altium Designer Summer 09\System;C:\Program Files (x86)\NetSarang\Xshell 7\;D:\Program Files (x86)\NetSarang\Xftp 7\;D:\opencv\build\x64\vc14\bin;E:\RT-Thread\env_released_1.2.0\env;E:\ESP32\ESP32_IDF\tools;C:\Program Files\TortoiseGit\bin;C:\Program Files\Git\cmd;C:\Users\lenovo\AppData\Local\Google\Chrome\Application;C:\Program Files\NVIDIA Corporation\Nsight Compute 2019.5.0\;D:\Program Files\IDM Computer Solutions\UEStudio;C:\Keil_v5\ARM\GCC\bin;C:\Program Files\Nordic Semiconductor\nrf-command-line-tools\bin\;C:\Strawberry\c\bin;C:\Strawberry\perl\site\bin;C:\Strawberry\perl\bin;C:\Program Files (x86)\GNU Arm Embedded Toolchain\9 2020-q2-update\bin;C:\Python\Python37\Scripts\;C:\Python\Python37\;C:\Program Files (x86)\GNU Tools ARM Embedded\5.4 2016q3\bin;C:\Python38\Scripts\;C:\Python38\;C:\Users\lenovo\AppData\Local\Microsoft\WindowsApps;C:\Users\lenovo\AppData\Local\Programs\Microsoft VS Code\bin;C:\Users\lenovo\.dotnet\tools;C:\Program Files\Huawei\DevEco Studio 2.1.0.303\bin;;D:\gcc\gnu-mcu-eclipse-riscv-none-gcc-8.2.0-2.2-20190521-0004-win64\GNU MCU Eclipse\RISC-V Embedded GCC\8.2.0-2.2-20190521-0004\riscv-none-embed\bin;D:\gcc\gnu-mcu-eclipse-riscv-none-gcc-8.2.0-2.2-20190521-0004-win64\GNU MCU Eclipse\RISC-V Embedded GCC\8.2.0-2.2-20190521-0004\bin;E:\锟劫讹拷锟斤拷锟斤拷\QIHUA-X507锟斤拷锟斤拷\锟斤拷锟斤拷锟斤拷锟斤拷\windows锟斤拷刷锟斤拷锟斤拷锟斤拷\PhoenixSuitV1.1\PhoenixSuitV1.1\;d:\Program Files\JetBrains\PyCharm Community Edition 2021.3\bin;;D:\Program Files\IDM Computer Solutions\UEStudio;C:\Python27;
# environment
COMMONPROGRAMW6432 = C:\Program Files\Common Files
# environment
ZES_ENABLE_SYSMAN = 1
# environment
PROCESSOR_ARCHITECTURE = AMD64
# environment
USERPROFILE = C:\Users\lenovo
# environment
CMAKE_EXPORT_COMPILE_COMMANDS = ON
# environment
ALLUSERSPROFILE = C:\ProgramData
# environment
DEVECO STUDIO = C:\Program Files\Huawei\DevEco Studio 2.1.0.303\bin;
# environment
VSCODE_LOG_STACK = false
# environment
NUMBER_OF_PROCESSORS = 8
# environment
ELECTRON_RUN_AS_NODE = 1
# default
.FEATURES := target-specific order-only second-expansion else-if shortest-stem undefine oneshell archives jobserver output-sync
# environment
NRFGOSTUDIOPATH = C:\Program Files (x86)\Nordic Semiconductor\nRFgo Studio
# automatic
%F = $(notdir $%)
# environment
CM2014DIR = C:\Program Files (x86)\Common Files\Autodesk Shared\Materials\
# automatic
*F = $(notdir $*)
# environment
CHROME_CRASHPAD_PIPE_NAME = \\.\pipe\crashpad_812_XFSVFRXGAVLFLYST
# environment
CUDA_PATH_V10_2 = C:\Program Files\NVIDIA GPU Computing Toolkit\CUDA\v10.2
# environment
VSCODE_PIPE_LOGGING = true
# environment
COMPUTERNAME = GSM_LENOVO_V6
# environment
PROGRAMFILES = C:\Program Files
# default
.LOADED :=
# environment
ADSK_3DSMAX_X64_2014 = C:\Program Files\Autodesk\3ds Max 2014\
# environment
DRIVERDATA = C:\Windows\System32\Drivers\DriverData
# environment
NVCUDASAMPLES_ROOT = C:\ProgramData\NVIDIA Corporation\CUDA Samples\v10.2
# environment
ORIGINAL_XDG_CURRENT_DESKTOP = undefined
# environment
USERNAME = lenovo
# environment
KMP_DUPLICATE_LIB_OK = TRUE
# environment
VSCODE_AMD_ENTRYPOINT = vs/workbench/api/node/extensionHostProcess
# environment
HOME = C:\Users\lenovo
# environment
VSCODE_CODE_CACHE_PATH = C:\Users\lenovo\AppData\Roaming\Code\CachedData\c3511e6c69bb39013c4a4b7b9566ec1ca73fc4d5
# environment
APPLICATION_INSIGHTS_NO_DIAGNOSTIC_CHANNEL = 1
# environment
COMMONPROGRAMFILES = C:\Program Files\Common Files
# environment
LOGONSERVER = \\GSM_LENOVO_V6
# environment
ONEDRIVECONSUMER = C:\Users\lenovo\OneDrive
# environment
VSCODE_HANDLES_UNCAUGHT_ERRORS = true
# environment
USERDOMAIN = GSM_LENOVO_V6
# environment
MIC_LD_LIBRARY_PATH = C:\Program Files (x86)\Common Files\Intel\Shared Libraries\compiler\lib\mic
# environment
MAKELEVEL := 0
# default
MAKE = $(MAKE_COMMAND)
# default
MAKECMDGOALS := all
# environment
微锟斤拷小锟斤拷锟斤拷 = D:\微锟斤拷web锟斤拷锟斤拷锟竭癸拷锟斤拷\dll
# environment
ILMDIR = C:\Program Files (x86)\Common Files\Autodesk Shared\Materials\
# default
MAKE_VERSION := 4.2
# makefile
.DEFAULT_GOAL :=
# environment
PROGRAMFILES(X86) = C:\Program Files (x86)
# automatic
%D = $(patsubst %/,%,$(patsubst %\,%,$(dir $%)))
# environment
LOCALAPPDATA = C:\Users\lenovo\AppData\Local
# environment
PSMODULEPATH = C:\Program Files\WindowsPowerShell\Modules;C:\Windows\system32\WindowsPowerShell\v1.0\Modules
# default
MAKE_COMMAND := make.exe
# default
.VARIABLES :=
# environment
ILBDIR = C:\Program Files (x86)\Common Files\Autodesk Shared\Materials\
# environment
PROCESSOR_IDENTIFIER = Intel64 Family 6 Model 140 Stepping 1, GenuineIntel
# environment
OS = Windows_NT
# environment
VSCODE_IPC_HOOK = \\.\pipe\db9312f16fd3ca26cdd1282f28873fac-1.67.2-main-sock
# environment
HOMEPATH = \Users\lenovo
# environment
COMMONPROGRAMFILES(X86) = C:\Program Files (x86)\Common Files
# environment
PROMPT = $P$G
# environment
MFLAGS = -pqrR
# automatic
*D = $(patsubst %/,%,$(patsubst %\,%,$(dir $*)))
# environment
IDF_PATH = E:\ESP32\esp-idf
# environment
INTEL_DEV_REDIST = C:\Program Files (x86)\Common Files\Intel\Shared Libraries\
# environment
SYSTEMROOT = C:\Windows
# automatic
+D = $(patsubst %/,%,$(patsubst %\,%,$(dir $+)))
# environment
NVTOOLSEXT_PATH = C:\Program Files\NVIDIA Corporation\NvToolsExt\
# automatic
+F = $(notdir $+)
# environment
APPDATA = C:\Users\lenovo\AppData\Roaming
# environment
TEMP = C:\Users\lenovo\AppData\Local\Temp
# environment
ALTIUMPATH = C:\Program Files (x86)\Altium Designer Summer 09\System
# environment
COMSPEC = C:\Windows\system32\cmd.exe
# default
MAKEFILES :=
# environment
IDF_TOOLS_PATH = E:\ESP32\esp-idf-4.4
# automatic
<F = $(notdir $<)
# environment
MKL_SERIAL = YES
# environment
LC_ALL = C
# automatic
^F = $(notdir $^)
# environment
CUDA_PATH = C:\Program Files\NVIDIA GPU Computing Toolkit\CUDA\v10.2
# default
SUFFIXES :=
# environment
SYSTEMDRIVE = C:
# environment
SESSIONNAME = Console
# environment
PROCESSOR_REVISION = 8c01
# default
.RECIPEPREFIX :=
# environment
VS120COMNTOOLS = C:\Program Files (x86)\Microsoft Visual Studio 12.0\Common7\Tools\
# environment
LANG = C
# environment
PROCESSOR_LEVEL = 6
# environment
FPS_BROWSER_APP_PROFILE_STRING = Internet Explorer
# environment
VSCODE_PID = 812
# environment
ESP-IDF-4.4 = E:\ESP32\esp-idf-4.4\frameworks\esp-idf-v4.4
# environment
USERDOMAIN_ROAMINGPROFILE = GSM_LENOVO_V6
# environment
PYTHON27 = C:\Python27
# variable set hash-table stats:
# Load=122/1024=12%, Rehash=0, Collisions=19/139=14%

# Pattern-specific Variable Values

# No pattern-specific variable values.

# Directories

# . (key e:/ESP32/project/spiffsgen, mtime 1653031152ll): 17 files, no impossibilities.

# 17 files, no impossibilities in 1 directories.

# Implicit Rules

# No implicit rules.

# Files

# Not a target:
all:
#  Command line target.
#  Implicit rule search has been done.
#  File does not exist.
#  File has not been updated.

# Not a target:
Makefile:
#  Implicit rule search has been done.
#  File does not exist.
#  File has been updated.
#  Failed to be updated.

# Not a target:
makefile:
#  Implicit rule search has been done.
#  File does not exist.
#  File has been updated.
#  Failed to be updated.

# Not a target:
makefile.mak:
#  Implicit rule search has been done.
#  File does not exist.
#  File has been updated.
#  Failed to be updated.

# Not a target:
.DEFAULT:
#  Implicit rule search has not been done.
#  Modification time never checked.
#  File has not been updated.

# Not a target:
GNUmakefile:
#  Implicit rule search has been done.
#  File does not exist.
#  File has been updated.
#  Failed to be updated.

# files hash-table stats:
# Load=7/1024=1%, Rehash=0, Collisions=0/16=0%
# VPATH Search Paths

# No 'vpath' search paths.

# No general ('VPATH' variable) search path.

# strcache buffers: 1 (0) / strings = 24 / storage = 274 B / avg = 11 B
# current buf: size = 8162 B / used = 274 B / count = 24 / avg = 11 B

# strcache performance: lookups = 26 / hit rate = 7%
# hash-table stats:
# Load=24/8192=0%, Rehash=0, Collisions=1/26=4%
# Finished Make data base on Fri May 20 20:52:48 2022


